<?xml version="1.0" encoding="UTF-8"?>
<!-- Generated by org.testng.reporters.JUnitReportReporter -->
<testsuite hostname="DESKTOP0189" failures="0" tests="1" name="automation.testsuite.CodeStar_LoginTest" time="12.465" errors="0" timestamp="2024-11-23T23:19:55 ICT" skipped="0">
  <testcase classname="automation.testsuite.CodeStar_LoginTest" name="TC5_Logout" time="12.465"/>
  <system-out/>
</testsuite> <!-- automation.testsuite.CodeStar_LoginTest -->
