<?xml version="1.0" encoding="UTF-8"?>
<!-- Generated by org.testng.reporters.JUnitReportReporter -->
<testsuite hostname="DESKTOP0189" failures="0" tests="1" name="automation.testsuite.Alada_ChangePasswordTest" time="161.906" errors="0" timestamp="2024-12-01T05:35:12 ICT" skipped="0">
  <testcase classname="automation.testsuite.Alada_ChangePasswordTest" name="TC1_ChangePasswordSuccessfully" time="161.906"/>
  <system-out/>
</testsuite> <!-- automation.testsuite.Alada_ChangePasswordTest -->
