<?xml version="1.0" encoding="UTF-8"?>
<!-- Generated by org.testng.reporters.JUnitReportReporter -->
<testsuite hostname="DESKTOP0189" failures="0" tests="1" name="automation.testsuite.MediaMart_VerifyChatZaloTest" time="9.788" errors="0" timestamp="2024-12-11T05:12:50 ICT" skipped="0">
  <testcase classname="automation.testsuite.MediaMart_VerifyChatZaloTest" name="VerifyButtonBatDauChatShowing" time="9.788"/>
  <system-out/>
</testsuite> <!-- automation.testsuite.MediaMart_VerifyChatZaloTest -->
