<?xml version="1.0" encoding="UTF-8"?>
<!-- Generated by org.testng.reporters.JUnitReportReporter -->
<testsuite hostname="DESKTOP0189" failures="0" tests="1" name="automation.testsuite.Alada_SignUpTest" time="62.752" errors="0" timestamp="2024-12-01T04:47:34 ICT" skipped="0">
  <testcase classname="automation.testsuite.Alada_SignUpTest" name="TC1_SignUpSuccessfully" time="62.752"/>
  <system-out/>
</testsuite> <!-- automation.testsuite.Alada_SignUpTest -->
