<?xml version="1.0" encoding="UTF-8"?>
<!-- Generated by org.testng.reporters.JUnitReportReporter -->
<testsuite hostname="DESKTOP0189" failures="0" tests="1" name="automation.testsuite.SeleniumPractise_Test" time="15.656" errors="0" timestamp="2024-12-07T03:00:36 ICT" skipped="0">
  <testcase classname="automation.testsuite.SeleniumPractise_Test" name="TestingAlert" time="15.656"/>
  <system-out/>
</testsuite> <!-- automation.testsuite.SeleniumPractise_Test -->
