<?xml version="1.0" encoding="UTF-8"?>
<!-- Generated by org.testng.reporters.JUnitReportReporter -->
<testsuite hostname="DESKTOP0189" failures="0" tests="1" name="automation.testsuite.HomeWork12_SelectCountry" time="7.527" errors="0" timestamp="2024-11-20T19:20:52 ICT" skipped="0">
  <testcase classname="automation.testsuite.HomeWork12_SelectCountry" name="selectAnyCountries" time="7.527"/>
  <system-out/>
</testsuite> <!-- automation.testsuite.HomeWork12_SelectCountry -->
