<?xml version="1.0" encoding="UTF-8"?>
<!-- Generated by org.testng.reporters.JUnitReportReporter -->
<testsuite hostname="DESKTOP0189" failures="0" tests="1" name="automation.testsuite.CodeStar_AddKhuLamViecTest" time="6.058" errors="0" timestamp="2024-12-07T05:34:19 ICT" skipped="0">
  <testcase classname="automation.testsuite.CodeStar_AddKhuLamViecTest" name="TC4_InputInvalidMaKLVAndTenKLVWhenAddKhuLamViec" time="6.058"/>
  <system-out/>
</testsuite> <!-- automation.testsuite.CodeStar_AddKhuLamViecTest -->
