<?xml version="1.0" encoding="UTF-8"?>
<!-- Generated by org.testng.reporters.JUnitReportReporter -->
<testsuite hostname="DESKTOP0189" failures="0" tests="1" name="automation.testsuite.Day16_Alert" time="10.848" errors="0" timestamp="2024-12-07T02:35:02 ICT" skipped="0">
  <testcase classname="automation.testsuite.Day16_Alert" name="thucHanh" time="10.848"/>
  <system-out/>
</testsuite> <!-- automation.testsuite.Day16_Alert -->
