<?xml version="1.0" encoding="UTF-8"?>
<!-- Generated by org.testng.reporters.JUnitReportReporter -->
<testsuite hostname="DESKTOP0189" failures="0" tests="1" name="automation.testsuite.Login" time="0.009" errors="0" timestamp="2024-10-30T14:53:25 ICT" skipped="0">
  <testcase classname="automation.testsuite.Login" name="TC2" time="0.009"/>
  <system-out/>
</testsuite> <!-- automation.testsuite.Login -->
