<?xml version="1.0" encoding="UTF-8"?>
<!-- Generated by org.testng.reporters.JUnitReportReporter -->
<testsuite hostname="DESKTOP0189" failures="0" tests="1" name="automation.testsuite.DemoGuru99_DeleteCustomerTest" time="4.740" errors="0" timestamp="2024-12-07T03:52:58 ICT" skipped="0">
  <testcase classname="automation.testsuite.DemoGuru99_DeleteCustomerTest" name="VerifyAlert" time="4.740"/>
  <system-out/>
</testsuite> <!-- automation.testsuite.DemoGuru99_DeleteCustomerTest -->
