<?xml version="1.0" encoding="UTF-8"?>
<!-- Generated by org.testng.reporters.JUnitReportReporter -->
<testsuite hostname="DESKTOP0189" failures="0" tests="2" name="automation.testsuite.Day17_Windows" time="19.631" errors="0" timestamp="2024-12-11T21:13:37 ICT" skipped="0">
  <testcase classname="automation.testsuite.Day17_Windows" name="HandleWindows" time="9.166"/>
  <system-out/>
  <testcase classname="automation.testsuite.Day17_Windows" name="HandleWindows" time="10.465"/>
  <system-out/>
</testsuite> <!-- automation.testsuite.Day17_Windows -->
