<?xml version="1.0" encoding="UTF-8"?>
<!-- Generated by org.testng.reporters.JUnitReportReporter -->
<testsuite hostname="DESKTOP0189" failures="0" tests="1" name="automation.testsuite.CodeStar_LoginTest" time="4.749" errors="0" timestamp="2024-12-04T21:23:58 ICT" skipped="0">
  <testcase classname="automation.testsuite.CodeStar_LoginTest" name="TC1_LoginSuccessfully" time="4.749"/>
  <system-out/>
</testsuite> <!-- automation.testsuite.CodeStar_LoginTest -->
