<?xml version="1.0" encoding="UTF-8"?>
<!-- Generated by org.testng.reporters.JUnitReportReporter -->
<testsuite hostname="DESKTOP0189" failures="0" tests="1" name="automation.testsuite.LocatorPractice" time="3.265" errors="0" timestamp="2024-11-03T16:22:34 ICT" skipped="0">
  <testcase classname="automation.testsuite.LocatorPractice" name="getLocatorAutomationfc" time="3.265"/>
  <system-out/>
</testsuite> <!-- automation.testsuite.LocatorPractice -->
