<?xml version="1.0" encoding="UTF-8"?>
<!-- Generated by org.testng.reporters.JUnitReportReporter -->
<testsuite hostname="DESKTOP0189" failures="0" tests="1" name="automation.testsuite.HomeWork12_SelectCountry" time="5.497" errors="0" timestamp="2024-11-20T03:29:35 ICT" skipped="0">
  <testcase classname="automation.testsuite.HomeWork12_SelectCountry" name="selectAnyCountries" time="5.497"/>
  <system-out/>
</testsuite> <!-- automation.testsuite.HomeWork12_SelectCountry -->
