<?xml version="1.0" encoding="UTF-8"?>
<!-- Generated by org.testng.reporters.JUnitReportReporter -->
<testsuite hostname="DESKTOP0189" failures="0" tests="1" name="automation.testsuite.Day12_DropdownList" time="3.135" errors="0" timestamp="2024-11-17T21:39:45 ICT" skipped="0">
  <testcase classname="automation.testsuite.Day12_DropdownList" name="chooseVietnamOption" time="3.135"/>
  <system-out/>
</testsuite> <!-- automation.testsuite.Day12_DropdownList -->
