<?xml version="1.0" encoding="UTF-8"?>
<!-- Generated by org.testng.reporters.JUnitReportReporter -->
<testsuite hostname="DESKTOP0189" failures="0" tests="2" name="automation.testsuite.Day12_Checkbox" time="62.203" errors="0" timestamp="2024-11-17T20:48:52 ICT" skipped="0">
  <testcase classname="automation.testsuite.Day12_Checkbox" name="checkDefaultRadioButton" time="50.429"/>
  <system-out/>
  <testcase classname="automation.testsuite.Day12_Checkbox" name="clickOnRadioButton" time="11.774"/>
  <system-out/>
</testsuite> <!-- automation.testsuite.Day12_Checkbox -->
