<?xml version="1.0" encoding="UTF-8"?>
<!-- Generated by org.testng.reporters.JUnitReportReporter -->
<testsuite hostname="DESKTOP0189" failures="0" tests="1" name="automation.testsuite.Day17_BepAnToan" time="9.775" errors="0" timestamp="2024-12-08T21:20:01 ICT" skipped="0">
  <testcase classname="automation.testsuite.Day17_BepAnToan" name="Click_ChatVoiChungToi" time="9.775"/>
  <system-out/>
</testsuite> <!-- automation.testsuite.Day17_BepAnToan -->
