<?xml version="1.0" encoding="UTF-8"?>
<!-- Generated by org.testng.reporters.JUnitReportReporter -->
<testsuite hostname="DESKTOP0189" failures="0" tests="2" name="automation.testsuite.Day17_BepAnToan" time="17.159" errors="0" timestamp="2024-12-13T02:50:17 ICT" skipped="0">
  <testcase classname="automation.testsuite.Day17_BepAnToan" name="Click_ChatVoiChungToi" time="7.814"/>
  <system-out/>
  <testcase classname="automation.testsuite.Day17_BepAnToan" name="Click_ChatVoiChungToi" time="9.345"/>
  <system-out/>
</testsuite> <!-- automation.testsuite.Day17_BepAnToan -->
