<?xml version="1.0" encoding="UTF-8"?>
<!-- Generated by org.testng.reporters.JUnitReportReporter -->
<testsuite hostname="DESKTOP0189" failures="0" tests="1" name="automation.testsuite.LoginTest" time="41.448" errors="0" timestamp="2024-11-20T21:42:19 ICT" skipped="0">
  <testcase classname="automation.testsuite.LoginTest" name="TC2_LoginWithIncorrectPassword" time="41.448"/>
  <system-out/>
</testsuite> <!-- automation.testsuite.LoginTest -->
