<?xml version="1.0" encoding="UTF-8"?>
<!-- Generated by org.testng.reporters.JUnitReportReporter -->
<testsuite hostname="DESKTOP0189" failures="0" tests="1" name="automation.testsuite.Tedu_Test" time="6.501" errors="0" timestamp="2024-12-04T04:28:06 ICT" skipped="0">
  <testcase classname="automation.testsuite.Tedu_Test" name="TC7_ChangePasswordUnsuccessfullyWhenInputtingNewPasswordAndConfirmPasswordNoMatching" time="6.501"/>
  <system-out/>
</testsuite> <!-- automation.testsuite.Tedu_Test -->
