<?xml version="1.0" encoding="UTF-8"?>
<!-- Generated by org.testng.reporters.JUnitReportReporter -->
<testsuite hostname="DESKTOP0189" failures="0" tests="1" name="automation.testsuite.Day17_iFrame" time="4.496" errors="0" timestamp="2024-12-11T02:56:32 ICT" skipped="0">
  <testcase classname="automation.testsuite.Day17_iFrame" name="DangKyNhanTuVanLoTrinh_ThatBai_ThieuEmail" time="4.496"/>
  <system-out/>
</testsuite> <!-- automation.testsuite.Day17_iFrame -->
