<?xml version="1.0" encoding="UTF-8"?>
<!-- Generated by org.testng.reporters.JUnitReportReporter -->
<testsuite hostname="DESKTOP0189" failures="0" tests="1" name="automation.testsuite.NhanVienTest" time="0.009" errors="0" timestamp="2024-10-30T15:01:57 ICT" skipped="0">
  <testcase classname="automation.testsuite.NhanVienTest" name="NhanVienTest" time="0.009"/>
  <system-out/>
</testsuite> <!-- automation.testsuite.NhanVienTest -->
