<?xml version="1.0" encoding="UTF-8"?>
<!-- Generated by org.testng.reporters.JUnitReportReporter -->
<testsuite hostname="DESKTOP0189" failures="0" tests="2" name="automation.testsuite.DienMayNhapKhau_ZaloTest" time="10.969" errors="0" timestamp="2024-12-13T02:50:17 ICT" skipped="0">
  <testcase classname="automation.testsuite.DienMayNhapKhau_ZaloTest" name="VerifyClickingOnZalo" time="5.750"/>
  <system-out/>
  <testcase classname="automation.testsuite.DienMayNhapKhau_ZaloTest" name="VerifyClickingOnZalo" time="5.219"/>
  <system-out/>
</testsuite> <!-- automation.testsuite.DienMayNhapKhau_ZaloTest -->
