<?xml version="1.0" encoding="UTF-8"?>
<!-- Generated by org.testng.reporters.JUnitReportReporter -->
<testsuite hostname="DESKTOP0189" failures="0" tests="1" name="automation.testsuite.AddNewUserTest_Day14" time="6.919" errors="0" timestamp="2024-12-01T02:14:46 ICT" skipped="0">
  <testcase classname="automation.testsuite.AddNewUserTest_Day14" name="TC2_AddNewUserSuccessfully" time="6.919"/>
  <system-out/>
</testsuite> <!-- automation.testsuite.AddNewUserTest_Day14 -->
