<?xml version="1.0" encoding="UTF-8"?>
<!-- Generated by org.testng.reporters.JUnitReportReporter -->
<testsuite hostname="DESKTOP0189" failures="0" tests="1" name="automation.testsuite.Day17_Windows" time="5.484" errors="0" timestamp="2024-12-08T19:53:41 ICT" skipped="0">
  <testcase classname="automation.testsuite.Day17_Windows" name="HandleWindows" time="5.484"/>
  <system-out/>
</testsuite> <!-- automation.testsuite.Day17_Windows -->
